# JRE version: Java(TM) SE Runtime Environment (11.0.2+9) (build 11.0.2+9-LTS)
# Java VM: Java HotSpot(TM) 64-Bit Server VM (11.0.2+9-LTS, mixed mode, tiered, compressed oops, g1 gc, bsd-amd64)
Heap:
 garbage-first heap   total 262144K, used 18209K [0x00000007c0000000, 0x0000000800000000)
  region size 1024K, 15 young (15360K), 9 survivors (9216K)
 Metaspace       used 33304K, capacity 35046K, committed 35452K, reserved 1081344K
  class space    used 3367K, capacity 3940K, committed 4044K, reserved 1048576K
GC Heap History (8 events):
Event: 0.653 GC heap before
{Heap before GC invocations=0 (full 0):
 garbage-first heap   total 262144K, used 24576K [0x00000007c0000000, 0x0000000800000000)
  region size 1024K, 24 young (24576K), 0 survivors (0K)
 Metaspace       used 12861K, capacity 13053K, committed 13312K, reserved 1060864K
  class space    used 1175K, capacity 1247K, committed 1280K, reserved 1048576K
}
Event: 0.659 GC heap after
{Heap after GC invocations=1 (full 0):
 garbage-first heap   total 262144K, used 4068K [0x00000007c0000000, 0x0000000800000000)
  region size 1024K, 3 young (3072K), 3 survivors (3072K)
 Metaspace       used 12861K, capacity 13053K, committed 13312K, reserved 1060864K
  class space    used 1175K, capacity 1247K, committed 1280K, reserved 1048576K
}
Event: 1.006 GC heap before
{Heap before GC invocations=1 (full 0):
 garbage-first heap   total 262144K, used 25572K [0x00000007c0000000, 0x0000000800000000)
  region size 1024K, 26 young (26624K), 3 survivors (3072K)
 Metaspace       used 18625K, capacity 19544K, committed 19712K, reserved 1067008K
  class space    used 1751K, capacity 2025K, committed 2048K, reserved 1048576K
}
Event: 1.011 GC heap after
{Heap after GC invocations=2 (full 0):
 garbage-first heap   total 262144K, used 7147K [0x00000007c0000000, 0x0000000800000000)
  region size 1024K, 3 young (3072K), 3 survivors (3072K)
 Metaspace       used 18625K, capacity 19544K, committed 19712K, reserved 1067008K
  class space    used 1751K, capacity 2025K, committed 2048K, reserved 1048576K
}
Event: 1.080 GC heap before
{Heap before GC invocations=2 (full 0):
 garbage-first heap   total 262144K, used 10219K [0x00000007c0000000, 0x0000000800000000)
  region size 1024K, 8 young (8192K), 3 survivors (3072K)
 Metaspace       used 20168K, capacity 21134K, committed 21296K, reserved 1069056K
  class space    used 1880K, capacity 2173K, committed 2176K, reserved 1048576K
}
Event: 1.085 GC heap after
{Heap after GC invocations=3 (full 0):
 garbage-first heap   total 262144K, used 8182K [0x00000007c0000000, 0x0000000800000000)
  region size 1024K, 4 young (4096K), 4 survivors (4096K)
 Metaspace       used 20168K, capacity 21134K, committed 21296K, reserved 1069056K
  class space    used 1880K, capacity 2173K, committed 2176K, reserved 1048576K
}
Event: 2.300 GC heap before
{Heap before GC invocations=4 (full 0):
 garbage-first heap   total 262144K, used 89078K [0x00000007c0000000, 0x0000000800000000)
  region size 1024K, 83 young (84992K), 4 survivors (4096K)
 Metaspace       used 32296K, capacity 34054K, committed 34300K, reserved 1079296K
  class space    used 3266K, capacity 3831K, committed 3916K, reserved 1048576K
}
Event: 2.309 GC heap after
{Heap after GC invocations=5 (full 0):
 garbage-first heap   total 262144K, used 13089K [0x00000007c0000000, 0x0000000800000000)
  region size 1024K, 9 young (9216K), 9 survivors (9216K)
 Metaspace       used 32296K, capacity 34054K, committed 34300K, reserved 1079296K
  class space    used 3266K, capacity 3831K, committed 3916K, reserved 1048576K
}

